Protocol Informatics Prototype (v0.01 beta)
Written by Marshall Beddoe <mbeddoe@baselineresearch.net>
Copyright (c) 2004 Baseline Research

71,
69,
84,
32,
47,
103,
97,
109,
101,
47,
119,
104,
105,
116,
101,
50,
32,
10,


72,
84,
84,
80,
47,
49,
46,
49,
32,
51,
48,
52,
32,
78,
111,
116,
32,
10,


71,
69,
84,
32,
47,
103,
97,
109,
101,
47,
98,
108,
97,
99,
107,
46,
32,
10,


71,
69,
84,
32,
47,
55,
46,
57,
47,
78,
97,
118,
105,
103,
97,
116,
32,
10,


72,
84,
84,
80,
47,
49,
46,
49,
32,
50,
48,
48,
32,
79,
75,
13,
32,
10,


71,
69,
84,
32,
47,
99,
111,
110,
102,
105,
103,
46,
105,
110,
105,
32,
10,


71,
69,
84,
32,
47,
118,
105,
112,
115,
101,
114,
118,
105,
99,
101,
95,
32,
10,


71,
69,
84,
32,
47,
113,
117,
101,
114,
121,
98,
116,
46,
102,
99,
103,
32,
10,


72,
84,
84,
80,
47,
49,
46,
49,
32,
52,
48,
52,
32,
78,
111,
116,
32,
10,


71,
69,
84,
32,
47,
99,
108,
105,
101,
110,
116,
56,
46,
108,
111,
103,
32,
10,


71,
69,
84,
32,
47,
99,
104,
101,
99,
107,
95,
115,
104,
111,
119,
95,
32,
10,


71,
69,
84,
32,
47,
115,
109,
97,
108,
108,
111,
112,
101,
114,
97,
116,
32,
10,


71,
69,
84,
32,
47,
55,
46,
57,
47,
115,
112,
101,
97,
100,
115,
101,
32,
10,


71,
69,
84,
32,
47,
116,
104,
117,
110,
100,
101,
114,
55,
47,
55,
46,
32,
10,


71,
69,
84,
32,
47,
55,
46,
57,
47,
65,
117,
116,
111,
83,
107,
105,
32,
10,


71,
69,
84,
32,
47,
47,
32,
72,
84,
84,
80,
47,
49,
46,
49,
13,
32,
10,


80,
79,
83,
84,
32,
47,
32,
72,
84,
84,
80,
47,
49,
46,
49,
13,
32,
10,


71,
69,
84,
32,
47,
84,
104,
117,
110,
100,
101,
114,
80,
117,
115,
104,
32,
10,


71,
69,
84,
32,
47,
63,
117,
61,
120,
109,
112,
99,
108,
111,
117,
100,
32,
10,


71,
69,
84,
32,
47,
120,
109,
112,
95,
99,
111,
110,
102,
105,
103,
47,
32,
10,


71,
69,
84,
32,
47,
55,
46,
57,
47,
116,
105,
112,
115,
47,
83,
101,
32,
10,


71,
69,
84,
32,
47,
55,
46,
57,
47,
110,
97,
118,
47,
71,
108,
111,
32,
10,


71,
69,
84,
32,
47,
55,
46,
57,
47,
110,
111,
114,
109,
97,
108,
47,
32,
10,


71,
69,
84,
32,
47,
63,
117,
61,
107,
107,
95,
100,
111,
119,
110,
108,
32,
10,


71,
69,
84,
32,
47,
116,
104,
117,
110,
100,
101,
114,
118,
105,
112,
47,
32,
10,


72,
84,
84,
80,
47,
49,
46,
49,
32,
50,
48,
52,
32,
78,
111,
32,
10,


71,
69,
84,
32,
47,
97,
99,
116,
105,
118,
105,
116,
121,
47,
103,
117,
32,
10,


71,
69,
84,
32,
47,
85,
80,
86,
63,
103,
115,
61,
112,
108,
97,
121,
32,
10,


71,
69,
84,
32,
47,
114,
47,
99,
111,
105,
110,
99,
101,
110,
116,
101,
32,
10,


71,
69,
84,
32,
47,
116,
111,
100,
97,
121,
116,
97,
115,
107,
115,
46,
32,
10,


71,
69,
84,
32,
47,
116,
97,
115,
107,
108,
117,
97,
47,
50,
48,
49,
32,
10,


71,
69,
84,
32,
47,
116,
97,
115,
107,
116,
105,
112,
115,
46,
99,
102,
32,
10,


71,
69,
84,
32,
47,
120,
108,
55,
115,
105,
100,
101,
114,
112,
107,
103,
32,
10,


71,
69,
84,
32,
47,
103,
97,
109,
101,
98,
111,
120,
47,
120,
103,
103,
32,
10,


71,
69,
84,
32,
47,
63,
115,
116,
111,
114,
101,
82,
117,
108,
101,
61,
32,
10,


71,
69,
84,
32,
47,
97,
100,
47,
116,
104,
117,
110,
100,
101,
114,
56,
32,
10,


71,
69,
84,
32,
47,
114,
99,
102,
103,
47,
112,
99,
103,
97,
109,
101,
32,
10,


71,
69,
84,
32,
47,
114,
99,
102,
103,
47,
114,
98,
97,
110,
110,
101,
32,
10,


71,
69,
84,
32,
47,
112,
107,
103,
97,
109,
101,
47,
120,
108,
55,
115,
32,
10,


71,
69,
84,
32,
47,
102,
105,
108,
101,
46,
100,
97,
116,
97,
46,
119,
32,
10,


72,
84,
84,
80,
47,
49,
46,
49,
32,
52,
48,
51,
32,
70,
111,
114,
32,
10,


71,
69,
84,
32,
47,
99,
100,
110,
46,
98,
97,
105,
100,
117,
112,
99,
32,
10,


72,
84,
84,
80,
47,
49,
46,
48,
32,
51,
48,
50,
32,
77,
111,
118,
32,
10,


71,
69,
84,
32,
47,
112,
117,
115,
104,
102,
105,
108,
101,
47,
65,
47,
32,
10,


71,
69,
84,
32,
47,
102,
105,
108,
101,
47,
97,
55,
50,
53,
51,
51,
32,
10,


71,
69,
84,
32,
47,
52,
48,
49,
46,
104,
116,
109,
108,
32,
72,
84,
32,
10,


72,
84,
84,
80,
47,
49,
46,
49,
32,
52,
48,
49,
32,
85,
110,
97,
32,
10,


71,
69,
84,
32,
47,
112,
117,
115,
104,
102,
105,
108,
101,
47,
50,
47,
32,
10,


72,
84,
84,
80,
47,
49,
46,
49,
32,
50,
48,
54,
32,
80,
97,
114,
32,
10,


80,
79,
83,
84,
32,
47,
100,
111,
119,
110,
108,
111,
97,
100,
47,
99,
32,
10,


71,
69,
84,
32,
47,
112,
111,
112,
46,
112,
104,
112,
32,
72,
84,
84,
32,
10,


71,
69,
84,
32,
47,
63,
117,
61,
112,
117,
115,
104,
101,
114,
118,
50,
32,
10,


71,
69,
84,
32,
47,
114,
99,
102,
103,
47,
52,
56,
54,
47,
49,
51,
32,
10,


71,
69,
84,
32,
47,
115,
101,
114,
118,
105,
99,
101,
47,
114,
101,
112,
32,
10,


72,
84,
84,
80,
47,
49,
46,
49,
32,
52,
48,
48,
32,
66,
97,
100,
32,
10,


71,
69,
84,
32,
47,
100,
111,
119,
110,
108,
111,
97,
100,
47,
113,
117,
32,
10,


Found 56 unique sequences in 'http.raw'
Creating distance matrix .. complete
Creating phylogenetic tree .. complete
Creating graph-1 .. complete

Discovered 1 clusters using a weight of 1.00
Performing multiple alignment on cluster 1 .. complete

Output of cluster 1
0264 [42;30mx47[0m [41;30m___[0m [42;30mx45[0m [42;30mx54[0m [43;30m   [0m [42;30mx2f[0m [41;30m___[0m [41;30m___[0m [41;30m___[0m [41;30m___[0m [41;30m___[0m [41;30m___[0m [41;30m___[0m [41;30m___[0m [41;30m___[0m [41;30m___[0m [41;30m___[0m [42;30mx64[0m 
0194 [42;30mx50[0m [42;30mx4f[0m [42;30mx53[0m [42;30mx54[0m [43;30m   [0m [42;30mx2f[0m [41;30m___[0m [41;30m___[0m [41;30m___[0m [41;30m___[0m [41;30m___[0m [41;30m___[0m [41;30m___[0m [41;30m___[0m [41;30m___[0m [41;30m___[0m [41;30m___[0m [42;30mx64[0m 
0080 [42;30mx47[0m [41;30m___[0m [42;30mx45[0m [42;30mx54[0m [43;30m   [0m [42;30mx2f[0m [41;30m___[0m [41;30m___[0m [41;30m___[0m [41;30m___[0m [41;30m___[0m [41;30m___[0m [41;30m___[0m [41;30m___[0m [41;30m___[0m [41;30m___[0m [41;30m___[0m [41;30m___[0m 
0066 [42;30mx47[0m [41;30m___[0m [42;30mx45[0m [42;30mx54[0m [43;30m   [0m [42;30mx2f[0m [41;30m___[0m [41;30m___[0m [41;30m___[0m [41;30m___[0m [41;30m___[0m [41;30m___[0m [42;30mx37[0m [42;30mx2e[0m [42;30mx39[0m [42;30mx2f[0m [41;30m___[0m [41;30m___[0m 
0023 [42;30mx47[0m [41;30m___[0m [42;30mx45[0m [42;30mx54[0m [43;30m   [0m [42;30mx2f[0m [41;30m___[0m [41;30m___[0m [41;30m___[0m [41;30m___[0m [41;30m___[0m [41;30m___[0m [42;30mx37[0m [42;30mx2e[0m [42;30mx39[0m [42;30mx2f[0m [42;30mx41[0m [42;30mx75[0m 
0005 [42;30mx47[0m [41;30m___[0m [42;30mx45[0m [42;30mx54[0m [43;30m   [0m [42;30mx2f[0m [41;30m___[0m [41;30m___[0m [41;30m___[0m [41;30m___[0m [41;30m___[0m [41;30m___[0m [42;30mx37[0m [42;30mx2e[0m [42;30mx39[0m [42;30mx2f[0m [41;30m___[0m [41;30m___[0m 
0068 [42;30mx47[0m [41;30m___[0m [42;30mx45[0m [42;30mx54[0m [43;30m   [0m [42;30mx2f[0m [41;30m___[0m [41;30m___[0m [41;30m___[0m [41;30m___[0m [41;30m___[0m [41;30m___[0m [42;30mx37[0m [42;30mx2e[0m [42;30mx39[0m [42;30mx2f[0m [41;30m___[0m [41;30m___[0m 
0070 [42;30mx47[0m [41;30m___[0m [42;30mx45[0m [42;30mx54[0m [43;30m   [0m [42;30mx2f[0m [41;30m___[0m [41;30m___[0m [41;30m___[0m [41;30m___[0m [41;30m___[0m [41;30m___[0m [42;30mx37[0m [42;30mx2e[0m [42;30mx39[0m [42;30mx2f[0m [41;30m___[0m [41;30m___[0m 
0019 [42;30mx47[0m [41;30m___[0m [42;30mx45[0m [42;30mx54[0m [43;30m   [0m [42;30mx2f[0m [41;30m___[0m [41;30m___[0m [41;30m___[0m [41;30m___[0m [41;30m___[0m [41;30m___[0m [42;30mx37[0m [42;30mx2e[0m [42;30mx39[0m [42;30mx2f[0m [41;30m___[0m [41;30m___[0m 
0100 [42;30mx47[0m [41;30m___[0m [42;30mx45[0m [42;30mx54[0m [43;30m   [0m [42;30mx2f[0m [41;30m___[0m [41;30m___[0m [41;30m___[0m [41;30m___[0m [41;30m___[0m [41;30m___[0m [41;30m___[0m [41;30m___[0m [41;30m___[0m [41;30m___[0m [41;30m___[0m [41;30m___[0m 
0064 [42;30mx47[0m [41;30m___[0m [42;30mx45[0m [42;30mx54[0m [43;30m   [0m [42;30mx2f[0m [41;30m___[0m [41;30m___[0m [41;30m___[0m [41;30m___[0m [42;30mx78[0m [42;30mx6d[0m [42;30mx70[0m [42;30mx5f[0m [41;30m___[0m [41;30m___[0m [42;30mx63[0m [41;30m___[0m 
0007 [42;30mx47[0m [41;30m___[0m [42;30mx45[0m [42;30mx54[0m [43;30m   [0m [42;30mx2f[0m [41;30m___[0m [41;30m___[0m [41;30m___[0m [41;30m___[0m [41;30m___[0m [41;30m___[0m [41;30m___[0m [41;30m___[0m [41;30m___[0m [41;30m___[0m [42;30mx63[0m [41;30m___[0m 
0118 [42;30mx47[0m [41;30m___[0m [42;30mx45[0m [42;30mx54[0m [43;30m   [0m [42;30mx2f[0m [42;30mx63[0m [42;30mx64[0m [42;30mx6e[0m [42;30mx2e[0m [42;30mx62[0m [42;30mx61[0m [42;30mx69[0m [42;30mx64[0m [42;30mx75[0m [42;30mx70[0m [42;30mx63[0m [41;30m___[0m 
0015 [42;30mx47[0m [41;30m___[0m [42;30mx45[0m [42;30mx54[0m [43;30m   [0m [42;30mx2f[0m [42;30mx63[0m [41;30m___[0m [41;30m___[0m [41;30m___[0m [41;30m___[0m [41;30m___[0m [41;30m___[0m [41;30m___[0m [42;30mx68[0m [42;30mx65[0m [42;30mx63[0m [42;30mx6b[0m 
0013 [42;30mx47[0m [41;30m___[0m [42;30mx45[0m [42;30mx54[0m [43;30m   [0m [42;30mx2f[0m [42;30mx63[0m [41;30m___[0m [41;30m___[0m [41;30m___[0m [41;30m___[0m [41;30m___[0m [41;30m___[0m [42;30mx6c[0m [42;30mx69[0m [42;30mx65[0m [42;30mx6e[0m [42;30mx74[0m 
0074 [42;30mx47[0m [41;30m___[0m [42;30mx45[0m [42;30mx54[0m [43;30m   [0m [41;30m___[0m [41;30m___[0m [41;30m___[0m [41;30m___[0m [41;30m___[0m [41;30m___[0m [42;30mx2f[0m [41;30m___[0m [41;30m___[0m [42;30mx74[0m [41;30m___[0m [41;30m___[0m [41;30m___[0m 
0021 [42;30mx47[0m [41;30m___[0m [42;30mx45[0m [42;30mx54[0m [43;30m   [0m [41;30m___[0m [41;30m___[0m [41;30m___[0m [41;30m___[0m [41;30m___[0m [41;30m___[0m [42;30mx2f[0m [41;30m___[0m [41;30m___[0m [42;30mx74[0m [41;30m___[0m [41;30m___[0m [41;30m___[0m 
0060 [42;30mx47[0m [41;30m___[0m [42;30mx45[0m [42;30mx54[0m [43;30m   [0m [41;30m___[0m [41;30m___[0m [41;30m___[0m [41;30m___[0m [41;30m___[0m [41;30m___[0m [42;30mx2f[0m [41;30m___[0m [41;30m___[0m [42;30mx54[0m [41;30m___[0m [41;30m___[0m [41;30m___[0m 
0106 [42;30mx47[0m [41;30m___[0m [42;30mx45[0m [42;30mx54[0m [43;30m   [0m [41;30m___[0m [41;30m___[0m [41;30m___[0m [42;30mx2f[0m [42;30mx61[0m [42;30mx64[0m [42;30mx2f[0m [41;30m___[0m [41;30m___[0m [42;30mx74[0m [41;30m___[0m [41;30m___[0m [41;30m___[0m 
0076 [42;30mx47[0m [41;30m___[0m [42;30mx45[0m [42;30mx54[0m [43;30m   [0m [41;30m___[0m [41;30m___[0m [41;30m___[0m [41;30m___[0m [41;30m___[0m [41;30m___[0m [42;30mx2f[0m [42;30mx61[0m [42;30mx63[0m [42;30mx74[0m [41;30m___[0m [41;30m___[0m [41;30m___[0m 
0086 [42;30mx47[0m [41;30m___[0m [42;30mx45[0m [42;30mx54[0m [43;30m   [0m [42;30mx2f[0m [41;30m___[0m [41;30m___[0m [42;30mx74[0m [42;30mx6f[0m [42;30mx64[0m [41;30m___[0m [42;30mx61[0m [42;30mx79[0m [42;30mx74[0m [42;30mx61[0m [42;30mx73[0m [42;30mx6b[0m 
0094 [42;30mx47[0m [41;30m___[0m [42;30mx45[0m [42;30mx54[0m [43;30m   [0m [42;30mx2f[0m [41;30m___[0m [41;30m___[0m [41;30m___[0m [41;30m___[0m [41;30m___[0m [41;30m___[0m [41;30m___[0m [41;30m___[0m [42;30mx74[0m [42;30mx61[0m [42;30mx73[0m [42;30mx6b[0m 
0088 [42;30mx47[0m [41;30m___[0m [42;30mx45[0m [42;30mx54[0m [43;30m   [0m [42;30mx2f[0m [41;30m___[0m [41;30m___[0m [41;30m___[0m [41;30m___[0m [41;30m___[0m [41;30m___[0m [41;30m___[0m [41;30m___[0m [42;30mx74[0m [42;30mx61[0m [42;30mx73[0m [42;30mx6b[0m 
0084 [42;30mx47[0m [41;30m___[0m [42;30mx45[0m [42;30mx54[0m [43;30m   [0m [42;30mx2f[0m [41;30m___[0m [41;30m___[0m [41;30m___[0m [41;30m___[0m [41;30m___[0m [41;30m___[0m [41;30m___[0m [41;30m___[0m [42;30mx72[0m [41;30m___[0m [41;30m___[0m [41;30m___[0m 
0250 [42;30mx47[0m [41;30m___[0m [42;30mx45[0m [42;30mx54[0m [43;30m   [0m [42;30mx2f[0m [41;30m___[0m [41;30m___[0m [41;30m___[0m [41;30m___[0m [41;30m___[0m [41;30m___[0m [41;30m___[0m [41;30m___[0m [42;30mx72[0m [42;30mx63[0m [41;30m___[0m [42;30mx66[0m 
0110 [42;30mx47[0m [41;30m___[0m [42;30mx45[0m [42;30mx54[0m [43;30m   [0m [42;30mx2f[0m [41;30m___[0m [41;30m___[0m [41;30m___[0m [41;30m___[0m [41;30m___[0m [41;30m___[0m [41;30m___[0m [41;30m___[0m [42;30mx72[0m [42;30mx63[0m [41;30m___[0m [42;30mx66[0m 
0108 [42;30mx47[0m [41;30m___[0m [42;30mx45[0m [42;30mx54[0m [43;30m   [0m [42;30mx2f[0m [41;30m___[0m [41;30m___[0m [41;30m___[0m [41;30m___[0m [41;30m___[0m [41;30m___[0m [41;30m___[0m [41;30m___[0m [42;30mx72[0m [42;30mx63[0m [41;30m___[0m [42;30mx66[0m 
0017 [42;30mx47[0m [41;30m___[0m [42;30mx45[0m [42;30mx54[0m [43;30m   [0m [42;30mx2f[0m [41;30m___[0m [41;30m___[0m [41;30m___[0m [41;30m___[0m [41;30m___[0m [41;30m___[0m [41;30m___[0m [41;30m___[0m [41;30m___[0m [41;30m___[0m [41;30m___[0m [41;30m___[0m 
0254 [42;30mx47[0m [41;30m___[0m [42;30mx45[0m [42;30mx54[0m [43;30m   [0m [42;30mx2f[0m [41;30m___[0m [41;30m___[0m [41;30m___[0m [41;30m___[0m [41;30m___[0m [41;30m___[0m [41;30m___[0m [41;30m___[0m [41;30m___[0m [41;30m___[0m [41;30m___[0m [41;30m___[0m 
0009 [42;30mx47[0m [41;30m___[0m [42;30mx45[0m [42;30mx54[0m [43;30m   [0m [42;30mx2f[0m [41;30m___[0m [41;30m___[0m [41;30m___[0m [41;30m___[0m [41;30m___[0m [41;30m___[0m [41;30m___[0m [41;30m___[0m [41;30m___[0m [42;30mx76[0m [41;30m___[0m [42;30mx69[0m 
0150 [42;30mx47[0m [41;30m___[0m [42;30mx45[0m [42;30mx54[0m [43;30m   [0m [42;30mx2f[0m [41;30m___[0m [41;30m___[0m [41;30m___[0m [41;30m___[0m [41;30m___[0m [41;30m___[0m [41;30m___[0m [41;30m___[0m [41;30m___[0m [42;30mx34[0m [41;30m___[0m [42;30mx30[0m 
0003 [42;30mx47[0m [41;30m___[0m [42;30mx45[0m [42;30mx54[0m [43;30m   [0m [42;30mx2f[0m [41;30m___[0m [41;30m___[0m [41;30m___[0m [41;30m___[0m [42;30mx67[0m [42;30mx61[0m [42;30mx6d[0m [42;30mx65[0m [41;30m___[0m [41;30m___[0m [41;30m___[0m [41;30m___[0m 
0001 [42;30mx47[0m [41;30m___[0m [42;30mx45[0m [42;30mx54[0m [43;30m   [0m [42;30mx2f[0m [41;30m___[0m [41;30m___[0m [41;30m___[0m [41;30m___[0m [42;30mx67[0m [42;30mx61[0m [42;30mx6d[0m [42;30mx65[0m [41;30m___[0m [41;30m___[0m [41;30m___[0m [41;30m___[0m 
0102 [42;30mx47[0m [41;30m___[0m [42;30mx45[0m [42;30mx54[0m [43;30m   [0m [42;30mx2f[0m [41;30m___[0m [41;30m___[0m [41;30m___[0m [41;30m___[0m [42;30mx67[0m [42;30mx61[0m [42;30mx6d[0m [42;30mx65[0m [42;30mx62[0m [42;30mx6f[0m [41;30m___[0m [42;30mx78[0m 
0114 [42;30mx47[0m [41;30m___[0m [42;30mx45[0m [42;30mx54[0m [43;30m   [0m [42;30mx2f[0m [41;30m___[0m [41;30m___[0m [42;30mx70[0m [42;30mx6b[0m [42;30mx67[0m [42;30mx61[0m [42;30mx6d[0m [42;30mx65[0m [41;30m___[0m [41;30m___[0m [41;30m___[0m [41;30m___[0m 
0182 [42;30mx47[0m [41;30m___[0m [42;30mx45[0m [42;30mx54[0m [43;30m   [0m [42;30mx2f[0m [41;30m___[0m [41;30m___[0m [41;30m___[0m [41;30m___[0m [41;30m___[0m [41;30m___[0m [41;30m___[0m [41;30m___[0m [41;30m___[0m [41;30m___[0m [41;30m___[0m [42;30mx70[0m 
0120 [42;30mx47[0m [41;30m___[0m [42;30mx45[0m [42;30mx54[0m [43;30m   [0m [42;30mx2f[0m [41;30m___[0m [41;30m___[0m [41;30m___[0m [41;30m___[0m [41;30m___[0m [41;30m___[0m [41;30m___[0m [41;30m___[0m [41;30m___[0m [41;30m___[0m [41;30m___[0m [42;30mx70[0m 
0196 [42;30mx47[0m [41;30m___[0m [42;30mx45[0m [42;30mx54[0m [43;30m   [0m [42;30mx2f[0m [41;30m___[0m [41;30m___[0m [41;30m___[0m [41;30m___[0m [41;30m___[0m [41;30m___[0m [41;30m___[0m [41;30m___[0m [42;30mx70[0m [42;30mx6f[0m [41;30m___[0m [42;30mx70[0m 
0124 [42;30mx47[0m [41;30m___[0m [42;30mx45[0m [42;30mx54[0m [43;30m   [0m [42;30mx2f[0m [41;30m___[0m [41;30m___[0m [41;30m___[0m [41;30m___[0m [41;30m___[0m [41;30m___[0m [41;30m___[0m [41;30m___[0m [41;30m___[0m [41;30m___[0m [41;30m___[0m [41;30m___[0m 
0116 [42;30mx47[0m [41;30m___[0m [42;30mx45[0m [42;30mx54[0m [43;30m   [0m [42;30mx2f[0m [41;30m___[0m [41;30m___[0m [41;30m___[0m [41;30m___[0m [41;30m___[0m [41;30m___[0m [41;30m___[0m [41;30m___[0m [41;30m___[0m [41;30m___[0m [41;30m___[0m [41;30m___[0m 
0062 [42;30mx47[0m [41;30m___[0m [42;30mx45[0m [42;30mx54[0m [43;30m   [0m [42;30mx2f[0m [42;30mx3f[0m [42;30mx75[0m [42;30mx3d[0m [42;30mx78[0m [42;30mx6d[0m [42;30mx70[0m [42;30mx63[0m [42;30mx6c[0m [42;30mx6f[0m [42;30mx75[0m [41;30m___[0m [41;30m___[0m 
0072 [42;30mx47[0m [41;30m___[0m [42;30mx45[0m [42;30mx54[0m [43;30m   [0m [42;30mx2f[0m [42;30mx3f[0m [42;30mx75[0m [42;30mx3d[0m [41;30m___[0m [41;30m___[0m [42;30mx6b[0m [41;30m___[0m [41;30m___[0m [41;30m___[0m [42;30mx6b[0m [41;30m___[0m [42;30mx5f[0m 
0216 [42;30mx47[0m [41;30m___[0m [42;30mx45[0m [42;30mx54[0m [43;30m   [0m [42;30mx2f[0m [42;30mx3f[0m [42;30mx75[0m [42;30mx3d[0m [41;30m___[0m [41;30m___[0m [42;30mx70[0m [41;30m___[0m [41;30m___[0m [41;30m___[0m [42;30mx75[0m [41;30m___[0m [42;30mx73[0m 
0104 [42;30mx47[0m [41;30m___[0m [42;30mx45[0m [42;30mx54[0m [43;30m   [0m [42;30mx2f[0m [42;30mx3f[0m [41;30m___[0m [41;30m___[0m [41;30m___[0m [41;30m___[0m [41;30m___[0m [41;30m___[0m [41;30m___[0m [41;30m___[0m [41;30m___[0m [41;30m___[0m [42;30mx73[0m 
0011 [42;30mx47[0m [41;30m___[0m [42;30mx45[0m [42;30mx54[0m [43;30m   [0m [42;30mx2f[0m [41;30m___[0m [41;30m___[0m [41;30m___[0m [41;30m___[0m [41;30m___[0m [41;30m___[0m [41;30m___[0m [41;30m___[0m [41;30m___[0m [41;30m___[0m [41;30m___[0m [41;30m___[0m 
0026 [42;30mx50[0m [41;30m___[0m [41;30m___[0m [41;30m___[0m [41;30m___[0m [41;30m___[0m [41;30m___[0m [41;30m___[0m [41;30m___[0m [41;30m___[0m [41;30m___[0m [41;30m___[0m [41;30m___[0m [41;30m___[0m [41;30m___[0m [41;30m___[0m [41;30m___[0m [41;30m___[0m 
0025 [42;30mx47[0m [41;30m___[0m [41;30m___[0m [41;30m___[0m [41;30m___[0m [41;30m___[0m [41;30m___[0m [41;30m___[0m [41;30m___[0m [41;30m___[0m [41;30m___[0m [41;30m___[0m [41;30m___[0m [41;30m___[0m [41;30m___[0m [41;30m___[0m [41;30m___[0m [41;30m___[0m 
0183 [42;30mx48[0m [41;30m___[0m [41;30m___[0m [41;30m___[0m [41;30m___[0m [41;30m___[0m [41;30m___[0m [41;30m___[0m [41;30m___[0m [41;30m___[0m [41;30m___[0m [41;30m___[0m [41;30m___[0m [41;30m___[0m [41;30m___[0m [41;30m___[0m [41;30m___[0m [41;30m___[0m 
0006 [42;30mx48[0m [41;30m___[0m [41;30m___[0m [41;30m___[0m [41;30m___[0m [41;30m___[0m [41;30m___[0m [41;30m___[0m [41;30m___[0m [41;30m___[0m [41;30m___[0m [41;30m___[0m [41;30m___[0m [41;30m___[0m [41;30m___[0m [41;30m___[0m [41;30m___[0m [41;30m___[0m 
0261 [42;30mx48[0m [41;30m___[0m [41;30m___[0m [41;30m___[0m [41;30m___[0m [41;30m___[0m [41;30m___[0m [41;30m___[0m [41;30m___[0m [41;30m___[0m [41;30m___[0m [41;30m___[0m [41;30m___[0m [41;30m___[0m [41;30m___[0m [41;30m___[0m [41;30m___[0m [41;30m___[0m 
0151 [42;30mx48[0m [41;30m___[0m [41;30m___[0m [41;30m___[0m [41;30m___[0m [41;30m___[0m [41;30m___[0m [41;30m___[0m [41;30m___[0m [41;30m___[0m [41;30m___[0m [41;30m___[0m [41;30m___[0m [41;30m___[0m [41;30m___[0m [41;30m___[0m [41;30m___[0m [41;30m___[0m 
0117 [42;30mx48[0m [41;30m___[0m [41;30m___[0m [41;30m___[0m [41;30m___[0m [41;30m___[0m [41;30m___[0m [41;30m___[0m [41;30m___[0m [41;30m___[0m [41;30m___[0m [41;30m___[0m [41;30m___[0m [41;30m___[0m [41;30m___[0m [41;30m___[0m [41;30m___[0m [41;30m___[0m 
0075 [42;30mx48[0m [41;30m___[0m [41;30m___[0m [41;30m___[0m [41;30m___[0m [41;30m___[0m [41;30m___[0m [41;30m___[0m [41;30m___[0m [41;30m___[0m [41;30m___[0m [41;30m___[0m [41;30m___[0m [41;30m___[0m [41;30m___[0m [41;30m___[0m [41;30m___[0m [41;30m___[0m 
0002 [42;30mx48[0m [41;30m___[0m [41;30m___[0m [41;30m___[0m [41;30m___[0m [41;30m___[0m [41;30m___[0m [41;30m___[0m [41;30m___[0m [41;30m___[0m [41;30m___[0m [41;30m___[0m [41;30m___[0m [41;30m___[0m [41;30m___[0m [41;30m___[0m [41;30m___[0m [41;30m___[0m 
0012 [42;30mx48[0m [41;30m___[0m [41;30m___[0m [41;30m___[0m [41;30m___[0m [41;30m___[0m [41;30m___[0m [41;30m___[0m [41;30m___[0m [41;30m___[0m [41;30m___[0m [41;30m___[0m [41;30m___[0m [41;30m___[0m [41;30m___[0m [41;30m___[0m [41;30m___[0m [41;30m___[0m 
0119 [42;30mx48[0m [41;30m___[0m [41;30m___[0m [41;30m___[0m [41;30m___[0m [41;30m___[0m [41;30m___[0m [41;30m___[0m [41;30m___[0m [41;30m___[0m [41;30m___[0m [41;30m___[0m [41;30m___[0m [41;30m___[0m [41;30m___[0m [41;30m___[0m [41;30m___[0m [41;30m___[0m 
DT   AAA GGG AAA AAA SSS AAA GGG GGG GGG GGG GGG GGG GGG GGG GGG GGG GGG GGG 
MT   005 003 005 003 003 003 005 005 010 010 010 010 012 014 019 019 008 021 

0264 [42;30mx6f[0m [42;30mx77[0m [42;30mx6e[0m [42;30mx6c[0m [42;30mx6f[0m [42;30mx61[0m [42;30mx64[0m [42;30mx2f[0m [42;30mx71[0m [42;30mx75[0m [41;30m___[0m [41;30m___[0m [41;30m___[0m [41;30m___[0m [41;30m___[0m [41;30m___[0m [41;30m___[0m [41;30m___[0m 
0194 [42;30mx6f[0m [42;30mx77[0m [42;30mx6e[0m [42;30mx6c[0m [42;30mx6f[0m [42;30mx61[0m [42;30mx64[0m [42;30mx2f[0m [41;30m___[0m [42;30mx63[0m [41;30m___[0m [41;30m___[0m [41;30m___[0m [41;30m___[0m [41;30m___[0m [41;30m___[0m [41;30m___[0m [41;30m___[0m 
0080 [41;30m___[0m [41;30m___[0m [41;30m___[0m [42;30mx55[0m [42;30mx50[0m [42;30mx56[0m [42;30mx3f[0m [42;30mx67[0m [42;30mx73[0m [42;30mx3d[0m [42;30mx70[0m [42;30mx6c[0m [42;30mx61[0m [42;30mx79[0m [41;30m___[0m [41;30m___[0m [41;30m___[0m [41;30m___[0m 
0066 [42;30mx74[0m [42;30mx69[0m [42;30mx70[0m [42;30mx73[0m [41;30m___[0m [41;30m___[0m [41;30m___[0m [41;30m___[0m [41;30m___[0m [41;30m___[0m [41;30m___[0m [41;30m___[0m [41;30m___[0m [41;30m___[0m [41;30m___[0m [41;30m___[0m [42;30mx2f[0m [41;30m___[0m 
0023 [42;30mx74[0m [41;30m___[0m [41;30m___[0m [41;30m___[0m [41;30m___[0m [41;30m___[0m [41;30m___[0m [41;30m___[0m [41;30m___[0m [41;30m___[0m [41;30m___[0m [41;30m___[0m [41;30m___[0m [41;30m___[0m [41;30m___[0m [41;30m___[0m [42;30mx6f[0m [41;30m___[0m 
0005 [42;30mx4e[0m [41;30m___[0m [41;30m___[0m [41;30m___[0m [42;30mx61[0m [42;30mx76[0m [42;30mx69[0m [42;30mx67[0m [41;30m___[0m [41;30m___[0m [42;30mx61[0m [41;30m___[0m [41;30m___[0m [41;30m___[0m [41;30m___[0m [41;30m___[0m [42;30mx74[0m [41;30m___[0m 
0068 [42;30mx6e[0m [41;30m___[0m [41;30m___[0m [41;30m___[0m [42;30mx61[0m [42;30mx76[0m [42;30mx2f[0m [42;30mx47[0m [41;30m___[0m [41;30m___[0m [42;30mx6c[0m [41;30m___[0m [41;30m___[0m [41;30m___[0m [41;30m___[0m [41;30m___[0m [42;30mx6f[0m [41;30m___[0m 
0070 [42;30mx6e[0m [42;30mx6f[0m [42;30mx72[0m [42;30mx6d[0m [42;30mx61[0m [41;30m___[0m [41;30m___[0m [41;30m___[0m [41;30m___[0m [41;30m___[0m [42;30mx6c[0m [41;30m___[0m [41;30m___[0m [41;30m___[0m [41;30m___[0m [41;30m___[0m [42;30mx2f[0m [41;30m___[0m 
0019 [41;30m___[0m [41;30m___[0m [41;30m___[0m [41;30m___[0m [41;30m___[0m [41;30m___[0m [42;30mx73[0m [42;30mx70[0m [41;30m___[0m [41;30m___[0m [42;30mx65[0m [41;30m___[0m [41;30m___[0m [41;30m___[0m [41;30m___[0m [41;30m___[0m [42;30mx61[0m [41;30m___[0m 
0100 [41;30m___[0m [41;30m___[0m [42;30mx78[0m [42;30mx6c[0m [42;30mx37[0m [42;30mx73[0m [42;30mx69[0m [42;30mx64[0m [41;30m___[0m [41;30m___[0m [42;30mx65[0m [41;30m___[0m [42;30mx72[0m [42;30mx70[0m [42;30mx6b[0m [42;30mx67[0m [41;30m___[0m [41;30m___[0m 
0064 [41;30m___[0m [41;30m___[0m [41;30m___[0m [42;30mx6f[0m [42;30mx6e[0m [42;30mx66[0m [42;30mx69[0m [41;30m___[0m [41;30m___[0m [41;30m___[0m [41;30m___[0m [41;30m___[0m [41;30m___[0m [41;30m___[0m [41;30m___[0m [42;30mx67[0m [41;30m___[0m [41;30m___[0m 
0007 [41;30m___[0m [41;30m___[0m [41;30m___[0m [42;30mx6f[0m [42;30mx6e[0m [42;30mx66[0m [42;30mx69[0m [41;30m___[0m [41;30m___[0m [41;30m___[0m [41;30m___[0m [41;30m___[0m [41;30m___[0m [41;30m___[0m [41;30m___[0m [42;30mx67[0m [42;30mx2e[0m [41;30m___[0m 
0118 [41;30m___[0m [41;30m___[0m [41;30m___[0m [41;30m___[0m [41;30m___[0m [41;30m___[0m [41;30m___[0m [41;30m___[0m [41;30m___[0m [41;30m___[0m [41;30m___[0m [41;30m___[0m [41;30m___[0m [41;30m___[0m [41;30m___[0m [41;30m___[0m [41;30m___[0m [41;30m___[0m 
0015 [42;30mx5f[0m [42;30mx73[0m [42;30mx68[0m [42;30mx6f[0m [41;30m___[0m [41;30m___[0m [41;30m___[0m [41;30m___[0m [41;30m___[0m [41;30m___[0m [41;30m___[0m [41;30m___[0m [41;30m___[0m [41;30m___[0m [41;30m___[0m [41;30m___[0m [41;30m___[0m [41;30m___[0m 
0013 [42;30mx38[0m [42;30mx2e[0m [42;30mx6c[0m [42;30mx6f[0m [41;30m___[0m [41;30m___[0m [41;30m___[0m [41;30m___[0m [41;30m___[0m [41;30m___[0m [41;30m___[0m [41;30m___[0m [41;30m___[0m [41;30m___[0m [41;30m___[0m [41;30m___[0m [41;30m___[0m [41;30m___[0m 
0074 [42;30mx68[0m [42;30mx75[0m [42;30mx6e[0m [41;30m___[0m [41;30m___[0m [41;30m___[0m [41;30m___[0m [42;30mx64[0m [41;30m___[0m [41;30m___[0m [42;30mx65[0m [41;30m___[0m [42;30mx72[0m [42;30mx76[0m [42;30mx69[0m [42;30mx70[0m [42;30mx2f[0m [41;30m___[0m 
0021 [42;30mx68[0m [42;30mx75[0m [42;30mx6e[0m [41;30m___[0m [41;30m___[0m [41;30m___[0m [41;30m___[0m [42;30mx64[0m [41;30m___[0m [41;30m___[0m [42;30mx65[0m [41;30m___[0m [42;30mx72[0m [41;30m___[0m [41;30m___[0m [42;30mx37[0m [42;30mx2f[0m [41;30m___[0m 
0060 [42;30mx68[0m [42;30mx75[0m [42;30mx6e[0m [41;30m___[0m [41;30m___[0m [41;30m___[0m [41;30m___[0m [42;30mx64[0m [41;30m___[0m [41;30m___[0m [42;30mx65[0m [41;30m___[0m [42;30mx72[0m [41;30m___[0m [41;30m___[0m [42;30mx50[0m [42;30mx75[0m [41;30m___[0m 
0106 [42;30mx68[0m [42;30mx75[0m [42;30mx6e[0m [41;30m___[0m [41;30m___[0m [41;30m___[0m [41;30m___[0m [42;30mx64[0m [41;30m___[0m [41;30m___[0m [42;30mx65[0m [41;30m___[0m [42;30mx72[0m [41;30m___[0m [41;30m___[0m [41;30m___[0m [41;30m___[0m [41;30m___[0m 
0076 [41;30m___[0m [41;30m___[0m [41;30m___[0m [41;30m___[0m [41;30m___[0m [41;30m___[0m [41;30m___[0m [41;30m___[0m [41;30m___[0m [41;30m___[0m [42;30mx69[0m [41;30m___[0m [42;30mx76[0m [42;30mx69[0m [42;30mx74[0m [42;30mx79[0m [42;30mx2f[0m [41;30m___[0m 
0086 [41;30m___[0m [41;30m___[0m [41;30m___[0m [41;30m___[0m [41;30m___[0m [41;30m___[0m [41;30m___[0m [41;30m___[0m [41;30m___[0m [41;30m___[0m [41;30m___[0m [41;30m___[0m [41;30m___[0m [41;30m___[0m [41;30m___[0m [41;30m___[0m [41;30m___[0m [41;30m___[0m 
0094 [42;30mx74[0m [42;30mx69[0m [41;30m___[0m [41;30m___[0m [41;30m___[0m [41;30m___[0m [41;30m___[0m [41;30m___[0m [41;30m___[0m [41;30m___[0m [41;30m___[0m [41;30m___[0m [41;30m___[0m [41;30m___[0m [41;30m___[0m [42;30mx70[0m [42;30mx73[0m [41;30m___[0m 
0088 [42;30mx6c[0m [42;30mx75[0m [41;30m___[0m [41;30m___[0m [41;30m___[0m [41;30m___[0m [41;30m___[0m [41;30m___[0m [41;30m___[0m [41;30m___[0m [41;30m___[0m [41;30m___[0m [41;30m___[0m [41;30m___[0m [41;30m___[0m [42;30mx61[0m [42;30mx2f[0m [41;30m___[0m 
0084 [41;30m___[0m [42;30mx2f[0m [41;30m___[0m [41;30m___[0m [42;30mx63[0m [42;30mx6f[0m [42;30mx69[0m [41;30m___[0m [41;30m___[0m [41;30m___[0m [41;30m___[0m [41;30m___[0m [41;30m___[0m [42;30mx6e[0m [42;30mx63[0m [42;30mx65[0m [42;30mx6e[0m [41;30m___[0m 
0250 [42;30mx67[0m [42;30mx2f[0m [41;30m___[0m [41;30m___[0m [42;30mx34[0m [42;30mx38[0m [42;30mx36[0m [41;30m___[0m [41;30m___[0m [41;30m___[0m [41;30m___[0m [41;30m___[0m [41;30m___[0m [42;30mx2f[0m [41;30m___[0m [41;30m___[0m [42;30mx31[0m [41;30m___[0m 
0110 [42;30mx67[0m [42;30mx2f[0m [41;30m___[0m [41;30m___[0m [42;30mx72[0m [42;30mx62[0m [42;30mx61[0m [41;30m___[0m [41;30m___[0m [41;30m___[0m [41;30m___[0m [41;30m___[0m [41;30m___[0m [42;30mx6e[0m [41;30m___[0m [41;30m___[0m [42;30mx6e[0m [41;30m___[0m 
0108 [42;30mx67[0m [42;30mx2f[0m [42;30mx70[0m [41;30m___[0m [42;30mx63[0m [42;30mx67[0m [42;30mx61[0m [41;30m___[0m [41;30m___[0m [41;30m___[0m [41;30m___[0m [41;30m___[0m [41;30m___[0m [41;30m___[0m [41;30m___[0m [41;30m___[0m [42;30mx6d[0m [41;30m___[0m 
0017 [41;30m___[0m [42;30mx73[0m [42;30mx6d[0m [42;30mx61[0m [42;30mx6c[0m [42;30mx6c[0m [42;30mx6f[0m [41;30m___[0m [41;30m___[0m [41;30m___[0m [41;30m___[0m [41;30m___[0m [41;30m___[0m [41;30m___[0m [42;30mx70[0m [42;30mx65[0m [41;30m___[0m [41;30m___[0m 
0254 [41;30m___[0m [42;30mx73[0m [41;30m___[0m [42;30mx65[0m [42;30mx72[0m [42;30mx76[0m [42;30mx69[0m [41;30m___[0m [41;30m___[0m [41;30m___[0m [41;30m___[0m [41;30m___[0m [41;30m___[0m [41;30m___[0m [42;30mx63[0m [42;30mx65[0m [42;30mx2f[0m [41;30m___[0m 
0009 [42;30mx70[0m [42;30mx73[0m [41;30m___[0m [42;30mx65[0m [42;30mx72[0m [42;30mx76[0m [42;30mx69[0m [41;30m___[0m [41;30m___[0m [41;30m___[0m [41;30m___[0m [41;30m___[0m [41;30m___[0m [41;30m___[0m [42;30mx63[0m [41;30m___[0m [41;30m___[0m [41;30m___[0m 
0150 [42;30mx31[0m [42;30mx2e[0m [42;30mx68[0m [41;30m___[0m [41;30m___[0m [42;30mx74[0m [42;30mx6d[0m [42;30mx6c[0m [41;30m___[0m [41;30m___[0m [41;30m___[0m [41;30m___[0m [41;30m___[0m [43;30m   [0m [41;30m___[0m [41;30m___[0m [41;30m___[0m [41;30m___[0m 
0003 [42;30mx2f[0m [42;30mx62[0m [42;30mx6c[0m [41;30m___[0m [41;30m___[0m [41;30m___[0m [42;30mx61[0m [42;30mx63[0m [41;30m___[0m [41;30m___[0m [42;30mx6b[0m [41;30m___[0m [41;30m___[0m [41;30m___[0m [41;30m___[0m [41;30m___[0m [41;30m___[0m [41;30m___[0m 
0001 [42;30mx2f[0m [42;30mx77[0m [42;30mx68[0m [41;30m___[0m [41;30m___[0m [41;30m___[0m [42;30mx69[0m [42;30mx74[0m [41;30m___[0m [41;30m___[0m [42;30mx65[0m [41;30m___[0m [41;30m___[0m [41;30m___[0m [41;30m___[0m [41;30m___[0m [41;30m___[0m [41;30m___[0m 
0102 [42;30mx2f[0m [41;30m___[0m [41;30m___[0m [41;30m___[0m [41;30m___[0m [41;30m___[0m [41;30m___[0m [42;30mx78[0m [41;30m___[0m [41;30m___[0m [42;30mx67[0m [41;30m___[0m [41;30m___[0m [41;30m___[0m [41;30m___[0m [41;30m___[0m [41;30m___[0m [41;30m___[0m 
0114 [42;30mx2f[0m [41;30m___[0m [41;30m___[0m [41;30m___[0m [41;30m___[0m [41;30m___[0m [42;30mx78[0m [42;30mx6c[0m [41;30m___[0m [41;30m___[0m [42;30mx37[0m [41;30m___[0m [41;30m___[0m [41;30m___[0m [41;30m___[0m [41;30m___[0m [41;30m___[0m [41;30m___[0m 
0182 [42;30mx75[0m [42;30mx73[0m [42;30mx68[0m [41;30m___[0m [41;30m___[0m [42;30mx66[0m [42;30mx69[0m [42;30mx6c[0m [41;30m___[0m [41;30m___[0m [42;30mx65[0m [41;30m___[0m [41;30m___[0m [42;30mx2f[0m [41;30m___[0m [41;30m___[0m [41;30m___[0m [41;30m___[0m 
0120 [42;30mx75[0m [42;30mx73[0m [42;30mx68[0m [41;30m___[0m [41;30m___[0m [42;30mx66[0m [42;30mx69[0m [42;30mx6c[0m [41;30m___[0m [41;30m___[0m [42;30mx65[0m [41;30m___[0m [41;30m___[0m [42;30mx2f[0m [41;30m___[0m [41;30m___[0m [41;30m___[0m [41;30m___[0m 
0196 [42;30mx2e[0m [42;30mx70[0m [42;30mx68[0m [41;30m___[0m [41;30m___[0m [41;30m___[0m [41;30m___[0m [42;30mx70[0m [41;30m___[0m [41;30m___[0m [43;30m   [0m [41;30m___[0m [41;30m___[0m [42;30mx48[0m [41;30m___[0m [41;30m___[0m [41;30m___[0m [41;30m___[0m 
0124 [41;30m___[0m [41;30m___[0m [41;30m___[0m [41;30m___[0m [41;30m___[0m [42;30mx66[0m [42;30mx69[0m [42;30mx6c[0m [41;30m___[0m [41;30m___[0m [42;30mx65[0m [41;30m___[0m [41;30m___[0m [42;30mx2f[0m [42;30mx61[0m [42;30mx37[0m [42;30mx32[0m [41;30m___[0m 
0116 [41;30m___[0m [41;30m___[0m [41;30m___[0m [41;30m___[0m [41;30m___[0m [42;30mx66[0m [42;30mx69[0m [42;30mx6c[0m [41;30m___[0m [41;30m___[0m [42;30mx65[0m [41;30m___[0m [42;30mx2e[0m [42;30mx64[0m [42;30mx61[0m [41;30m___[0m [42;30mx74[0m [41;30m___[0m 
0062 [41;30m___[0m [41;30m___[0m [41;30m___[0m [41;30m___[0m [41;30m___[0m [41;30m___[0m [41;30m___[0m [41;30m___[0m [41;30m___[0m [41;30m___[0m [41;30m___[0m [41;30m___[0m [41;30m___[0m [41;30m___[0m [41;30m___[0m [41;30m___[0m [41;30m___[0m [41;30m___[0m 
0072 [41;30m___[0m [41;30m___[0m [42;30mx64[0m [41;30m___[0m [41;30m___[0m [41;30m___[0m [41;30m___[0m [42;30mx6f[0m [41;30m___[0m [41;30m___[0m [42;30mx77[0m [42;30mx6e[0m [41;30m___[0m [41;30m___[0m [41;30m___[0m [41;30m___[0m [41;30m___[0m [41;30m___[0m 
0216 [41;30m___[0m [41;30m___[0m [42;30mx68[0m [41;30m___[0m [41;30m___[0m [41;30m___[0m [41;30m___[0m [42;30mx65[0m [41;30m___[0m [41;30m___[0m [42;30mx72[0m [42;30mx76[0m [41;30m___[0m [41;30m___[0m [41;30m___[0m [41;30m___[0m [41;30m___[0m [41;30m___[0m 
0104 [42;30mx74[0m [42;30mx6f[0m [42;30mx72[0m [41;30m___[0m [41;30m___[0m [41;30m___[0m [41;30m___[0m [42;30mx65[0m [42;30mx52[0m [42;30mx75[0m [42;30mx6c[0m [42;30mx65[0m [41;30m___[0m [41;30m___[0m [41;30m___[0m [41;30m___[0m [41;30m___[0m [41;30m___[0m 
0011 [41;30m___[0m [41;30m___[0m [41;30m___[0m [41;30m___[0m [41;30m___[0m [41;30m___[0m [41;30m___[0m [41;30m___[0m [42;30mx71[0m [42;30mx75[0m [41;30m___[0m [42;30mx65[0m [42;30mx72[0m [42;30mx79[0m [42;30mx62[0m [42;30mx74[0m [42;30mx2e[0m [41;30m___[0m 
0026 [41;30m___[0m [42;30mx4f[0m [42;30mx53[0m [42;30mx54[0m [43;30m   [0m [41;30m___[0m [42;30mx2f[0m [43;30m   [0m [41;30m___[0m [41;30m___[0m [42;30mx48[0m [42;30mx54[0m [42;30mx54[0m [42;30mx50[0m [42;30mx2f[0m [42;30mx31[0m [42;30mx2e[0m [41;30m___[0m 
0025 [41;30m___[0m [41;30m___[0m [42;30mx45[0m [42;30mx54[0m [43;30m   [0m [42;30mx2f[0m [42;30mx2f[0m [43;30m   [0m [41;30m___[0m [41;30m___[0m [42;30mx48[0m [42;30mx54[0m [42;30mx54[0m [42;30mx50[0m [42;30mx2f[0m [42;30mx31[0m [42;30mx2e[0m [41;30m___[0m 
0183 [41;30m___[0m [41;30m___[0m [41;30m___[0m [41;30m___[0m [41;30m___[0m [41;30m___[0m [41;30m___[0m [41;30m___[0m [41;30m___[0m [41;30m___[0m [41;30m___[0m [42;30mx54[0m [42;30mx54[0m [42;30mx50[0m [42;30mx2f[0m [42;30mx31[0m [42;30mx2e[0m [42;30mx31[0m 
0006 [41;30m___[0m [41;30m___[0m [41;30m___[0m [41;30m___[0m [41;30m___[0m [41;30m___[0m [41;30m___[0m [41;30m___[0m [41;30m___[0m [41;30m___[0m [41;30m___[0m [42;30mx54[0m [42;30mx54[0m [42;30mx50[0m [42;30mx2f[0m [42;30mx31[0m [42;30mx2e[0m [42;30mx31[0m 
0261 [41;30m___[0m [41;30m___[0m [41;30m___[0m [41;30m___[0m [41;30m___[0m [41;30m___[0m [41;30m___[0m [41;30m___[0m [41;30m___[0m [41;30m___[0m [41;30m___[0m [42;30mx54[0m [42;30mx54[0m [42;30mx50[0m [42;30mx2f[0m [42;30mx31[0m [42;30mx2e[0m [42;30mx31[0m 
0151 [41;30m___[0m [41;30m___[0m [41;30m___[0m [41;30m___[0m [41;30m___[0m [41;30m___[0m [41;30m___[0m [41;30m___[0m [41;30m___[0m [41;30m___[0m [41;30m___[0m [42;30mx54[0m [42;30mx54[0m [42;30mx50[0m [42;30mx2f[0m [42;30mx31[0m [42;30mx2e[0m [42;30mx31[0m 
0117 [41;30m___[0m [41;30m___[0m [41;30m___[0m [41;30m___[0m [41;30m___[0m [41;30m___[0m [41;30m___[0m [41;30m___[0m [41;30m___[0m [41;30m___[0m [41;30m___[0m [42;30mx54[0m [42;30mx54[0m [42;30mx50[0m [42;30mx2f[0m [42;30mx31[0m [42;30mx2e[0m [42;30mx31[0m 
0075 [41;30m___[0m [41;30m___[0m [41;30m___[0m [41;30m___[0m [41;30m___[0m [41;30m___[0m [41;30m___[0m [41;30m___[0m [41;30m___[0m [41;30m___[0m [41;30m___[0m [42;30mx54[0m [42;30mx54[0m [42;30mx50[0m [42;30mx2f[0m [42;30mx31[0m [42;30mx2e[0m [42;30mx31[0m 
0002 [41;30m___[0m [41;30m___[0m [41;30m___[0m [41;30m___[0m [41;30m___[0m [41;30m___[0m [41;30m___[0m [41;30m___[0m [41;30m___[0m [41;30m___[0m [41;30m___[0m [42;30mx54[0m [42;30mx54[0m [42;30mx50[0m [42;30mx2f[0m [42;30mx31[0m [42;30mx2e[0m [42;30mx31[0m 
0012 [41;30m___[0m [41;30m___[0m [41;30m___[0m [41;30m___[0m [41;30m___[0m [41;30m___[0m [41;30m___[0m [41;30m___[0m [41;30m___[0m [41;30m___[0m [41;30m___[0m [42;30mx54[0m [42;30mx54[0m [42;30mx50[0m [42;30mx2f[0m [42;30mx31[0m [42;30mx2e[0m [42;30mx31[0m 
0119 [41;30m___[0m [41;30m___[0m [41;30m___[0m [41;30m___[0m [41;30m___[0m [41;30m___[0m [41;30m___[0m [41;30m___[0m [41;30m___[0m [41;30m___[0m [41;30m___[0m [42;30mx54[0m [42;30mx54[0m [42;30mx50[0m [42;30mx2f[0m [42;30mx31[0m [42;30mx2e[0m [42;30mx30[0m 
DT   AAA GGG GGG GGG GGG GGG GGG GGG GGG GGG GGG GGG GGG GGG GGG GGG AAA GGG 
MT   026 019 019 016 019 023 019 023 007 007 023 010 010 019 016 017 021 005 

0264 [41;30m___[0m [41;30m___[0m [41;30m___[0m [41;30m___[0m [41;30m___[0m [41;30m___[0m [41;30m___[0m [41;30m___[0m [43;30m   [0m [43;30m   [0m 
0194 [41;30m___[0m [41;30m___[0m [41;30m___[0m [41;30m___[0m [41;30m___[0m [41;30m___[0m [41;30m___[0m [41;30m___[0m [43;30m   [0m [43;30m   [0m 
0080 [41;30m___[0m [41;30m___[0m [41;30m___[0m [41;30m___[0m [41;30m___[0m [41;30m___[0m [41;30m___[0m [41;30m___[0m [43;30m   [0m [43;30m   [0m 
0066 [41;30m___[0m [41;30m___[0m [41;30m___[0m [41;30m___[0m [41;30m___[0m [42;30mx53[0m [41;30m___[0m [42;30mx65[0m [43;30m   [0m [43;30m   [0m 
0023 [41;30m___[0m [41;30m___[0m [41;30m___[0m [41;30m___[0m [41;30m___[0m [42;30mx53[0m [42;30mx6b[0m [42;30mx69[0m [43;30m   [0m [43;30m   [0m 
0005 [41;30m___[0m [41;30m___[0m [41;30m___[0m [41;30m___[0m [41;30m___[0m [41;30m___[0m [41;30m___[0m [41;30m___[0m [43;30m   [0m [43;30m   [0m 
0068 [41;30m___[0m [41;30m___[0m [41;30m___[0m [41;30m___[0m [41;30m___[0m [41;30m___[0m [41;30m___[0m [41;30m___[0m [43;30m   [0m [43;30m   [0m 
0070 [41;30m___[0m [41;30m___[0m [41;30m___[0m [41;30m___[0m [41;30m___[0m [41;30m___[0m [41;30m___[0m [41;30m___[0m [43;30m   [0m [43;30m   [0m 
0019 [41;30m___[0m [41;30m___[0m [41;30m___[0m [41;30m___[0m [41;30m___[0m [42;30mx64[0m [42;30mx73[0m [42;30mx65[0m [43;30m   [0m [43;30m   [0m 
0100 [41;30m___[0m [41;30m___[0m [41;30m___[0m [41;30m___[0m [41;30m___[0m [41;30m___[0m [41;30m___[0m [41;30m___[0m [43;30m   [0m [43;30m   [0m 
0064 [41;30m___[0m [41;30m___[0m [41;30m___[0m [41;30m___[0m [41;30m___[0m [41;30m___[0m [41;30m___[0m [42;30mx2f[0m [43;30m   [0m [43;30m   [0m 
0007 [41;30m___[0m [41;30m___[0m [41;30m___[0m [41;30m___[0m [41;30m___[0m [42;30mx69[0m [42;30mx6e[0m [42;30mx69[0m [43;30m   [0m [43;30m   [0m 
0118 [41;30m___[0m [41;30m___[0m [41;30m___[0m [41;30m___[0m [41;30m___[0m [41;30m___[0m [41;30m___[0m [41;30m___[0m [43;30m   [0m [43;30m   [0m 
0015 [41;30m___[0m [41;30m___[0m [41;30m___[0m [41;30m___[0m [41;30m___[0m [41;30m___[0m [42;30mx77[0m [42;30mx5f[0m [43;30m   [0m [43;30m   [0m 
0013 [41;30m___[0m [41;30m___[0m [41;30m___[0m [41;30m___[0m [41;30m___[0m [41;30m___[0m [41;30m___[0m [42;30mx67[0m [43;30m   [0m [43;30m   [0m 
0074 [41;30m___[0m [41;30m___[0m [41;30m___[0m [41;30m___[0m [41;30m___[0m [41;30m___[0m [41;30m___[0m [41;30m___[0m [43;30m   [0m [43;30m   [0m 
0021 [41;30m___[0m [41;30m___[0m [41;30m___[0m [41;30m___[0m [41;30m___[0m [41;30m___[0m [42;30mx37[0m [42;30mx2e[0m [43;30m   [0m [43;30m   [0m 
0060 [41;30m___[0m [41;30m___[0m [41;30m___[0m [41;30m___[0m [41;30m___[0m [41;30m___[0m [42;30mx73[0m [42;30mx68[0m [43;30m   [0m [43;30m   [0m 
0106 [41;30m___[0m [41;30m___[0m [41;30m___[0m [41;30m___[0m [41;30m___[0m [41;30m___[0m [41;30m___[0m [42;30mx38[0m [43;30m   [0m [43;30m   [0m 
0076 [41;30m___[0m [41;30m___[0m [41;30m___[0m [41;30m___[0m [41;30m___[0m [41;30m___[0m [42;30mx67[0m [42;30mx75[0m [43;30m   [0m [43;30m   [0m 
0086 [41;30m___[0m [41;30m___[0m [41;30m___[0m [41;30m___[0m [41;30m___[0m [41;30m___[0m [42;30mx73[0m [42;30mx2e[0m [43;30m   [0m [43;30m   [0m 
0094 [41;30m___[0m [41;30m___[0m [41;30m___[0m [41;30m___[0m [41;30m___[0m [42;30mx2e[0m [42;30mx63[0m [42;30mx66[0m [43;30m   [0m [43;30m   [0m 
0088 [41;30m___[0m [41;30m___[0m [41;30m___[0m [41;30m___[0m [41;30m___[0m [42;30mx32[0m [42;30mx30[0m [42;30mx31[0m [43;30m   [0m [43;30m   [0m 
0084 [41;30m___[0m [41;30m___[0m [41;30m___[0m [41;30m___[0m [41;30m___[0m [42;30mx74[0m [42;30mx65[0m [41;30m___[0m [43;30m   [0m [43;30m   [0m 
0250 [41;30m___[0m [41;30m___[0m [41;30m___[0m [41;30m___[0m [41;30m___[0m [41;30m___[0m [42;30mx33[0m [41;30m___[0m [43;30m   [0m [43;30m   [0m 
0110 [41;30m___[0m [41;30m___[0m [41;30m___[0m [41;30m___[0m [41;30m___[0m [41;30m___[0m [42;30mx65[0m [41;30m___[0m [43;30m   [0m [43;30m   [0m 
0108 [41;30m___[0m [41;30m___[0m [41;30m___[0m [41;30m___[0m [41;30m___[0m [41;30m___[0m [42;30mx65[0m [41;30m___[0m [43;30m   [0m [43;30m   [0m 
0017 [41;30m___[0m [41;30m___[0m [41;30m___[0m [41;30m___[0m [41;30m___[0m [42;30mx72[0m [42;30mx61[0m [42;30mx74[0m [43;30m   [0m [43;30m   [0m 
0254 [41;30m___[0m [41;30m___[0m [41;30m___[0m [41;30m___[0m [41;30m___[0m [42;30mx72[0m [42;30mx65[0m [42;30mx70[0m [43;30m   [0m [43;30m   [0m 
0009 [41;30m___[0m [41;30m___[0m [41;30m___[0m [41;30m___[0m [41;30m___[0m [41;30m___[0m [42;30mx65[0m [42;30mx5f[0m [43;30m   [0m [43;30m   [0m 
0150 [41;30m___[0m [41;30m___[0m [41;30m___[0m [41;30m___[0m [41;30m___[0m [41;30m___[0m [42;30mx48[0m [42;30mx54[0m [43;30m   [0m [43;30m   [0m 
0003 [41;30m___[0m [41;30m___[0m [41;30m___[0m [41;30m___[0m [41;30m___[0m [41;30m___[0m [41;30m___[0m [42;30mx2e[0m [43;30m   [0m [43;30m   [0m 
0001 [41;30m___[0m [41;30m___[0m [41;30m___[0m [41;30m___[0m [41;30m___[0m [41;30m___[0m [41;30m___[0m [42;30mx32[0m [43;30m   [0m [43;30m   [0m 
0102 [41;30m___[0m [41;30m___[0m [41;30m___[0m [41;30m___[0m [41;30m___[0m [41;30m___[0m [41;30m___[0m [42;30mx67[0m [43;30m   [0m [43;30m   [0m 
0114 [41;30m___[0m [41;30m___[0m [41;30m___[0m [41;30m___[0m [41;30m___[0m [41;30m___[0m [41;30m___[0m [42;30mx73[0m [43;30m   [0m [43;30m   [0m 
0182 [41;30m___[0m [41;30m___[0m [41;30m___[0m [41;30m___[0m [41;30m___[0m [41;30m___[0m [42;30mx32[0m [42;30mx2f[0m [43;30m   [0m [43;30m   [0m 
0120 [41;30m___[0m [41;30m___[0m [41;30m___[0m [41;30m___[0m [41;30m___[0m [41;30m___[0m [42;30mx41[0m [42;30mx2f[0m [43;30m   [0m [43;30m   [0m 
0196 [41;30m___[0m [41;30m___[0m [41;30m___[0m [41;30m___[0m [41;30m___[0m [41;30m___[0m [42;30mx54[0m [42;30mx54[0m [43;30m   [0m [43;30m   [0m 
0124 [41;30m___[0m [41;30m___[0m [41;30m___[0m [41;30m___[0m [41;30m___[0m [42;30mx35[0m [42;30mx33[0m [42;30mx33[0m [43;30m   [0m [43;30m   [0m 
0116 [41;30m___[0m [41;30m___[0m [41;30m___[0m [41;30m___[0m [41;30m___[0m [42;30mx61[0m [42;30mx2e[0m [42;30mx77[0m [43;30m   [0m [43;30m   [0m 
0062 [41;30m___[0m [41;30m___[0m [41;30m___[0m [41;30m___[0m [41;30m___[0m [41;30m___[0m [41;30m___[0m [42;30mx64[0m [43;30m   [0m [43;30m   [0m 
0072 [41;30m___[0m [41;30m___[0m [41;30m___[0m [41;30m___[0m [41;30m___[0m [41;30m___[0m [41;30m___[0m [42;30mx6c[0m [43;30m   [0m [43;30m   [0m 
0216 [41;30m___[0m [41;30m___[0m [41;30m___[0m [41;30m___[0m [41;30m___[0m [41;30m___[0m [41;30m___[0m [42;30mx32[0m [43;30m   [0m [43;30m   [0m 
0104 [41;30m___[0m [41;30m___[0m [41;30m___[0m [41;30m___[0m [41;30m___[0m [41;30m___[0m [41;30m___[0m [42;30mx3d[0m [43;30m   [0m [43;30m   [0m 
0011 [41;30m___[0m [41;30m___[0m [41;30m___[0m [41;30m___[0m [41;30m___[0m [42;30mx66[0m [42;30mx63[0m [42;30mx67[0m [43;30m   [0m [43;30m   [0m 
0026 [41;30m___[0m [41;30m___[0m [41;30m___[0m [41;30m___[0m [41;30m___[0m [41;30m___[0m [42;30mx31[0m [43;30m   [0m [43;30m   [0m [43;30m   [0m 
0025 [41;30m___[0m [41;30m___[0m [41;30m___[0m [41;30m___[0m [41;30m___[0m [41;30m___[0m [42;30mx31[0m [43;30m   [0m [43;30m   [0m [43;30m   [0m 
0183 [43;30m   [0m [42;30mx32[0m [42;30mx30[0m [42;30mx36[0m [43;30m   [0m [42;30mx50[0m [42;30mx61[0m [42;30mx72[0m [43;30m   [0m [43;30m   [0m 
0006 [43;30m   [0m [42;30mx32[0m [42;30mx30[0m [42;30mx30[0m [43;30m   [0m [42;30mx4f[0m [42;30mx4b[0m [43;30m   [0m [43;30m   [0m [43;30m   [0m 
0261 [43;30m   [0m [42;30mx34[0m [42;30mx30[0m [42;30mx30[0m [43;30m   [0m [42;30mx42[0m [42;30mx61[0m [42;30mx64[0m [43;30m   [0m [43;30m   [0m 
0151 [43;30m   [0m [42;30mx34[0m [42;30mx30[0m [42;30mx31[0m [43;30m   [0m [42;30mx55[0m [42;30mx6e[0m [42;30mx61[0m [43;30m   [0m [43;30m   [0m 
0117 [43;30m   [0m [42;30mx34[0m [42;30mx30[0m [42;30mx33[0m [43;30m   [0m [42;30mx46[0m [42;30mx6f[0m [42;30mx72[0m [43;30m   [0m [43;30m   [0m 
0075 [43;30m   [0m [42;30mx32[0m [42;30mx30[0m [42;30mx34[0m [43;30m   [0m [42;30mx4e[0m [42;30mx6f[0m [41;30m___[0m [43;30m   [0m [43;30m   [0m 
0002 [43;30m   [0m [42;30mx33[0m [42;30mx30[0m [42;30mx34[0m [43;30m   [0m [42;30mx4e[0m [42;30mx6f[0m [42;30mx74[0m [43;30m   [0m [43;30m   [0m 
0012 [43;30m   [0m [42;30mx34[0m [42;30mx30[0m [42;30mx34[0m [43;30m   [0m [42;30mx4e[0m [42;30mx6f[0m [42;30mx74[0m [43;30m   [0m [43;30m   [0m 
0119 [43;30m   [0m [42;30mx33[0m [42;30mx30[0m [42;30mx32[0m [43;30m   [0m [42;30mx4d[0m [42;30mx6f[0m [42;30mx76[0m [43;30m   [0m [43;30m   [0m 
DT   GGG GGG GGG GGG GGG GGG AAA AAA SSS SSS 
MT   003 007 003 012 003 032 035 046 000 000 

Ungapped Consensus:
CONS [42;30mx47[0m [42;30mx45[0m [42;30mx54[0m [43;30m   [0m [42;30mx2f[0m [43;30m   [0m [43;30m   [0m 
DT   AAA AAA AAA SSS AAA SSS SSS 
MT   005 005 003 003 003 000 000 

